<?xml version="1.0" encoding="UTF-8"?>
<testng-results ignored="0" total="1" passed="1" failed="0" skipped="0">
  <reporter-output>
  </reporter-output>
  <suite started-at="2024-06-02T00:36:53 BDT" name="Default suite" finished-at="2024-06-02T00:37:19 BDT" duration-ms="26067">
    <groups>
    </groups>
    <test started-at="2024-06-02T00:36:53 BDT" name="Default test" finished-at="2024-06-02T00:37:19 BDT" duration-ms="26067">
      <class name="bd.com.akhtar.testcases.FirstScenario">
        <test-method is-config="true" signature="setUpTest()[pri:0, instance:bd.com.akhtar.testcases.FirstScenario@31ea9581]" started-at="2024-06-02T00:36:53 BDT" name="setUpTest" finished-at="2024-06-02T00:37:03 BDT" duration-ms="9564" status="PASS">
          <reporter-output>
          </reporter-output>
        </test-method> <!-- setUpTest -->
        <test-method signature="testAddProductsToCart()[pri:0, instance:bd.com.akhtar.testcases.FirstScenario@31ea9581]" started-at="2024-06-02T00:37:03 BDT" name="testAddProductsToCart" description="Scenario: Add products to the shopping cart
Given: User is on the home page
When: User hovers over &#039;Living&#039;, clicks &#039;Sofa&#039;, clicks &#039;Conrad Sofa&#039;
And: User scrolls down to &#039;Add to Cart&#039; and clicks &#039;PREDICTED DELIVERY TIME&#039;
And: User selects their location
And: User fills in data about product details
Then: User clicks &#039;Add to Cart&#039;
" finished-at="2024-06-02T00:37:19 BDT" duration-ms="15832" status="PASS">
          <reporter-output>
          </reporter-output>
        </test-method> <!-- testAddProductsToCart -->
        <test-method is-config="true" signature="tearDownTest()[pri:0, instance:bd.com.akhtar.testcases.FirstScenario@31ea9581]" started-at="2024-06-02T00:37:19 BDT" name="tearDownTest" finished-at="2024-06-02T00:37:19 BDT" duration-ms="469" status="PASS">
          <reporter-output>
          </reporter-output>
        </test-method> <!-- tearDownTest -->
      </class> <!-- bd.com.akhtar.testcases.FirstScenario -->
    </test> <!-- Default test -->
  </suite> <!-- Default suite -->
</testng-results>
